2014-06-04T07:52:46+02:00 [systemLog] 48	vishnu	LOGGED OUT
2014-06-04T07:52:54+02:00 [systemLog] 48	vishnu  LOGGED IN 
2014-06-04T08:05:06+02:00 [systemLog] 48	vishnu	LOGGED OUT
2014-06-04T08:05:14+02:00 [systemLog] 48	vishnu  LOGGED IN 
2014-06-04T11:27:20+02:00 [systemLog] 48	vishnu	LOGGED OUT
2014-06-04T11:27:46+02:00 [systemLog] 48	vishnu  LOGGED IN 
2014-06-04T12:17:21+02:00 [systemLog] 48	vishnu	LOGGED OUT
2014-06-04T12:36:41+02:00 [systemLog] 48	vishnu  LOGGED IN 
2014-06-04T12:52:07+02:00 [systemLog] 48	vishnu  LOGGED IN 
2014-06-05T05:24:21+02:00 [systemLog] 48	vishnu	LOGGED OUT
2014-06-05T05:24:30+02:00 [systemLog] 48	vishnu  LOGGED IN 
2014-06-05T05:28:14+02:00 [systemLog] 48	vishnu	LOGGED OUT
2014-06-05T05:28:22+02:00 [systemLog] 48	vishnu  LOGGED IN 
2014-06-05T07:39:31+02:00 [systemLog] 70	abc1  LOGGED IN 
2014-06-05T10:34:41+02:00 [systemLog] 70	abc1  LOGGED IN 
2014-06-05T10:37:23+02:00 [systemLog] 70	abc1  LOGGED IN 
2014-06-05T12:10:01+02:00 [systemLog] 70	abc1  LOGGED IN 
2014-06-05T13:13:06+02:00 [systemLog] 	Guest	LOGGED OUT
2014-06-05T13:14:00+02:00 [systemLog] 82	vishnu  LOGGED IN 
2014-06-05T17:55:47+02:00 [systemLog] 82	vishnu  LOGGED IN 
2014-06-06T06:25:55+02:00 [systemLog] 70	abc1  LOGGED IN 
2014-06-06T18:25:08+02:00 [systemLog] 82	vishnu  LOGGED IN 
2014-06-07T07:10:14+02:00 [systemLog] 82	vishnu  LOGGED IN 
2014-06-07T08:27:57+02:00 [systemLog] 127	org2  LOGGED IN 
2014-06-09T07:02:12+02:00 [systemLog] 127	org2  LOGGED IN 
2014-06-09T08:26:37+02:00 [systemLog] 129	vishnu962014  LOGGED IN 
2014-06-09T09:07:22+02:00 [systemLog] 129	vishnu962014  LOGGED IN 
2014-06-09T13:10:05+02:00 [systemLog] 127	org2  LOGGED IN 
2014-06-09T13:50:00+02:00 [systemLog] 127	org2  LOGGED IN 
2014-06-11T23:13:59+02:00 [systemLog] 135	new orgnaisation  LOGGED IN 
2014-06-11T23:20:08+02:00 [systemLog] 127	org2  LOGGED IN 
2014-06-11T23:26:43+02:00 [systemLog] 135	new orgnaisation  LOGGED IN 
2014-06-11T23:28:37+02:00 [systemLog] 135	new orgnaisation  LOGGED IN 
2014-06-12T06:22:51+02:00 [systemLog] 127	org2  LOGGED IN 
2014-06-12T12:56:18+02:00 [systemLog] 127	org2  LOGGED IN 
2014-06-12T14:12:35+02:00 [systemLog] 127	org2  LOGGED IN 
2014-06-12T20:01:16+02:00 [systemLog] 127	org2  LOGGED IN 
2014-06-12T21:31:50+02:00 [systemLog] 127	org2  LOGGED IN 
2014-06-12T21:40:43+02:00 [systemLog] 127	org2  LOGGED IN 
2014-06-13T13:43:55+02:00 [systemLog] 138	IIT Bombay1  LOGGED IN 
2014-06-13T14:50:00+02:00 [systemLog] 141	me  LOGGED IN 
2014-06-13T14:58:59+02:00 [systemLog] 142	IIT Bombay  LOGGED IN 
2014-06-13T15:31:34+02:00 [systemLog] 142	IIT Bombay  LOGGED IN 
2014-06-14T07:55:11+02:00 [systemLog] 127	org2  LOGGED IN 
2014-06-14T08:02:43+02:00 [systemLog] 127	org2  LOGGED IN 
2014-06-15T05:39:41+02:00 [systemLog] 1	IIT Bombay  LOGGED IN 
2014-06-16T08:06:25+02:00 [systemLog] 1	IIT Bombay  LOGGED IN 
2014-06-16T12:39:32+02:00 [systemLog] 1	IIT Bombay  LOGGED IN 
2014-06-17T00:03:09+02:00 [systemLog] 8	IITB1  LOGGED IN 
2014-06-17T09:01:39+02:00 [systemLog] 8	IITB1  LOGGED IN 
2014-06-17T10:48:58+02:00 [systemLog] 8	iitb1  LOGGED IN 
2014-06-17T15:15:06+02:00 [systemLog] 8	IITB1  LOGGED IN 
2014-06-18T03:22:59+02:00 [systemLog] 8	IITB1  LOGGED IN 
2014-06-18T06:31:04+02:00 [systemLog] 8	IITB1  LOGGED IN 
2014-06-18T07:39:41+02:00 [systemLog] 8	IITB1  LOGGED IN 
2014-06-18T07:45:23+02:00 [systemLog] 8	IITB1  LOGGED IN 
2014-06-18T10:40:41+02:00 [systemLog] 8	IITB1  LOGGED IN 
2014-06-18T11:27:31+02:00 [systemLog] 8	IITB1  LOGGED IN 
2014-06-19T06:43:22+02:00 [systemLog] 8	IITB1  LOGGED IN 
2014-06-19T06:49:12+02:00 [systemLog] 8	IITB1  LOGGED IN 
2014-06-19T13:18:18+02:00 [systemLog] 8	IITB1  LOGGED IN 
2014-06-19T13:28:38+02:00 [systemLog] 8	IITB1  LOGGED IN 
2014-06-19T13:51:22+02:00 [systemLog] 8	IITB1  LOGGED IN 
2014-06-19T14:13:25+02:00 [systemLog] 8	IITB1  LOGGED IN 
2014-06-19T19:02:19+02:00 [systemLog] 8	IITB1  LOGGED IN 
2014-06-20T18:49:35+02:00 [systemLog] 8	IITB1  LOGGED IN 
2014-06-20T21:10:39+02:00 [systemLog] 8	IITB1  LOGGED IN 
2014-06-20T21:12:28+02:00 [systemLog] 8	IITB1  LOGGED IN 
2014-06-20T22:14:35+02:00 [systemLog] 8	IITB1  LOGGED IN 
2014-06-24T12:13:37+02:00 [systemLog] 8	IITB1  LOGGED IN 
2014-06-27T14:16:24+02:00 [systemLog] 8	IITB1  LOGGED IN 
2014-06-28T09:33:50+02:00 [systemLog] 8	IITB1  LOGGED IN 
2014-06-28T16:44:14+02:00 [systemLog] 8	IITB1  LOGGED IN 
2014-06-29T09:17:45+02:00 [systemLog] 8	IITB1  LOGGED IN 
